Started by user [8mha:AAAAlh+LCAAAAAAAAP9b85aBtbiIQTGjNKU4P08vOT+vOD8nVc83PyU1x6OyILUoJzMv2y+/JJUBAhiZGBgqihhk0NSjKDWzXb3RdlLBUSYGJk8GtpzUvPSSDB8G5tKinBIGIZ+sxLJE/ZzEvHT94JKizLx0a6BxUmjGOUNodHsLgAzOEgYu/dLi1CL9vNKcHACFIKlWvwAAAA==[0manonymous
Building in workspace /Users/taylorecton/Documents/Automated-test-selector/automatedTestSelector/work/jobs/TestCasePrioritizerTest2/workspace
 > git rev-parse --is-inside-work-tree # timeout=10
Fetching changes from the remote Git repository
 > git config remote.origin.url https://github.com/BearEars/learning_jenkins2.git # timeout=10
Fetching upstream changes from https://github.com/BearEars/learning_jenkins2.git
 > git --version # timeout=10
 > git fetch --tags --progress https://github.com/BearEars/learning_jenkins2.git +refs/heads/*:refs/remotes/origin/*
 > git rev-parse refs/remotes/origin/master^{commit} # timeout=10
 > git rev-parse refs/remotes/origin/origin/master^{commit} # timeout=10
Checking out Revision 440f2a00b26a7bc76d19fcff8a8a0bb99702718e (refs/remotes/origin/master)
 > git config core.sparsecheckout # timeout=10
 > git checkout -f 440f2a00b26a7bc76d19fcff8a8a0bb99702718e
 > git rev-list 440f2a00b26a7bc76d19fcff8a8a0bb99702718e # timeout=10
[workspace] $ mvn test
[INFO] Scanning for projects...
[INFO] 
[INFO] ------------------------------------------------------------------------
[INFO] Building learningJenkins 1.0
[INFO] ------------------------------------------------------------------------
[INFO] 
[8mha:AAAAYB+LCAAAAAAAAP9b85aBtbiIQSmjNKU4P0+vJLE4u1gvPjexLDVPzxdEGvvmZ+X75ZekLlOVfvTjc8FPJgaGiiIGKaiG5Py84vycVD1nCA1SyAABjCCFBQCV27OjYAAAAA==[0m[INFO] --- maven-resources-plugin:2.6:resources (default-resources) @ learningJenkins ---
[8mha:AAAAYx+LCAAAAAAAAP9b85aBtbiIQSWjNKU4P0+vJLE4u1gvPjexLDVPzxdEhicW5WXmpfvll6S2fNly5fzGzauYGBgqihikoFqS8/OK83NS9ZwhNEghAwQwghQWAACwxA+XYgAAAA==[0m[WARNING] Using platform encoding (UTF-8 actually) to copy filtered resources, i.e. build is platform dependent!
[INFO] skip non existing resourceDirectory /Users/taylorecton/Documents/Automated-test-selector/automatedTestSelector/work/jobs/TestCasePrioritizerTest2/workspace/src/main/resources
[INFO] 
[8mha:AAAAYB+LCAAAAAAAAP9b85aBtbiIQSmjNKU4P0+vJLE4u1gvPjexLDVPzxdEGvvmZ+X75ZekLlOVfvTjc8FPJgaGiiIGKaiG5Py84vycVD1nCA1SyAABjCCFBQCV27OjYAAAAA==[0m[INFO] --- maven-compiler-plugin:3.1:compile (default-compile) @ learningJenkins ---
[INFO] Changes detected - recompiling the module!
[8mha:AAAAYx+LCAAAAAAAAP9b85aBtbiIQSWjNKU4P0+vJLE4u1gvPjexLDVPzxdEhicW5WXmpfvll6S2fNly5fzGzauYGBgqihikoFqS8/OK83NS9ZwhNEghAwQwghQWAACwxA+XYgAAAA==[0m[WARNING] File encoding has not been set, using platform encoding UTF-8, i.e. build is platform dependent!
[INFO] Compiling 1 source file to /Users/taylorecton/Documents/Automated-test-selector/automatedTestSelector/work/jobs/TestCasePrioritizerTest2/workspace/target/classes
[INFO] 
[8mha:AAAAYB+LCAAAAAAAAP9b85aBtbiIQSmjNKU4P0+vJLE4u1gvPjexLDVPzxdEGvvmZ+X75ZekLlOVfvTjc8FPJgaGiiIGKaiG5Py84vycVD1nCA1SyAABjCCFBQCV27OjYAAAAA==[0m[INFO] --- maven-resources-plugin:2.6:testResources (default-testResources) @ learningJenkins ---
[8mha:AAAAYx+LCAAAAAAAAP9b85aBtbiIQSWjNKU4P0+vJLE4u1gvPjexLDVPzxdEhicW5WXmpfvll6S2fNly5fzGzauYGBgqihikoFqS8/OK83NS9ZwhNEghAwQwghQWAACwxA+XYgAAAA==[0m[WARNING] Using platform encoding (UTF-8 actually) to copy filtered resources, i.e. build is platform dependent!
[INFO] skip non existing resourceDirectory /Users/taylorecton/Documents/Automated-test-selector/automatedTestSelector/work/jobs/TestCasePrioritizerTest2/workspace/src/test/resources
[INFO] 
[8mha:AAAAYB+LCAAAAAAAAP9b85aBtbiIQSmjNKU4P0+vJLE4u1gvPjexLDVPzxdEGvvmZ+X75ZekLlOVfvTjc8FPJgaGiiIGKaiG5Py84vycVD1nCA1SyAABjCCFBQCV27OjYAAAAA==[0m[INFO] --- maven-compiler-plugin:3.1:testCompile (default-testCompile) @ learningJenkins ---
[INFO] Changes detected - recompiling the module!
[8mha:AAAAYx+LCAAAAAAAAP9b85aBtbiIQSWjNKU4P0+vJLE4u1gvPjexLDVPzxdEhicW5WXmpfvll6S2fNly5fzGzauYGBgqihikoFqS8/OK83NS9ZwhNEghAwQwghQWAACwxA+XYgAAAA==[0m[WARNING] File encoding has not been set, using platform encoding UTF-8, i.e. build is platform dependent!
[INFO] Compiling 4 source files to /Users/taylorecton/Documents/Automated-test-selector/automatedTestSelector/work/jobs/TestCasePrioritizerTest2/workspace/target/test-classes
[INFO] 
[8mha:AAAAYB+LCAAAAAAAAP9b85aBtbiIQSmjNKU4P0+vJLE4u1gvPjexLDVPzxdEGvvmZ+X75ZekLlOVfvTjc8FPJgaGiiIGKaiG5Py84vycVD1nCA1SyAABjCCFBQCV27OjYAAAAA==[0m[INFO] --- maven-surefire-plugin:2.14:test (default-test) @ learningJenkins ---
[INFO] Surefire report directory: /Users/taylorecton/Documents/Automated-test-selector/automatedTestSelector/work/jobs/TestCasePrioritizerTest2/workspace/target/surefire-reports

-------------------------------------------------------
 T E S T S
-------------------------------------------------------
Running TestSuite
Running method 1 of TestJunit1.java
Robert
Running method 1 of TestJunit2.java
Hi!Robert
Inside method 2 of TestMessageUtil.java
Hi!Robert
Inside method 1 of TestMessageUtil.java
Robert
Tests run: 4, Failures: 1, Errors: 0, Skipped: 0, Time elapsed: 0.057 sec <<< FAILURE!
testSalutationMessage(TestJunit2)  Time elapsed: 0.004 sec  <<< FAILURE!
org.junit.ComparisonFailure: expected:<Hi[]Robert> but was:<Hi[!]Robert>
	at org.junit.Assert.assertEquals(Assert.java:115)
	at org.junit.Assert.assertEquals(Assert.java:144)
	at TestJunit2.testSalutationMessage(TestJunit2.java:14)


Results :

Failed tests: 
  TestJunit2.testSalutationMessage:14 expected:<Hi[]Robert> but was:<Hi[!]Robert>

Tests run: 4, Failures: 1, Errors: 0, Skipped: 0

[8mha:AAAAYB+LCAAAAAAAAP9b85aBtbiIQSmjNKU4P0+vJLE4u1gvPjexLDVPzxdEuhYV5Rf55ZekOlc7RKnPKH7IxMBQUcQgBdWQnJ9XnJ+TqucMoUEKGSCAEaSwAACsNFCqYAAAAA==[0m[ERROR] There are test failures.

Please refer to /Users/taylorecton/Documents/Automated-test-selector/automatedTestSelector/work/jobs/TestCasePrioritizerTest2/workspace/target/surefire-reports for the individual test results.
[INFO] ------------------------------------------------------------------------
[INFO] BUILD SUCCESS
[INFO] ------------------------------------------------------------------------
[INFO] Total time: 1.520 s
[INFO] Finished at: 2017-07-25T14:03:12-04:00
[INFO] Final Memory: 15M/208M
[INFO] ------------------------------------------------------------------------
Recording test results
Build step 'Publish JUnit test result report' changed build result to UNSTABLE
Finished: UNSTABLE
