<?xml version='1.0' encoding='UTF-8'?>
<result plugin="junit@1.20">
  <suites>
    <suite>
      <file>/Users/taylorecton/Documents/Automated-test-selector/automatedTestSelector/work/jobs/TestCasePrioritizerTest/workspace/test-reports/TEST-TestJunit1.xml</file>
      <name>TestJunit1</name>
      <stdout>Inside testPrintMessage()
Robert
</stdout>
      <stderr></stderr>
      <duration>5.016</duration>
      <timestamp>2017-07-24T16:12:34</timestamp>
      <time>5.016</time>
      <cases>
        <case>
          <duration>0.001</duration>
          <className>TestJunit1</className>
          <testName>testPrintMessage</testName>
          <skipped>false</skipped>
          <failedSince>0</failedSince>
        </case>
      </cases>
    </suite>
    <suite>
      <file>/Users/taylorecton/Documents/Automated-test-selector/automatedTestSelector/work/jobs/TestCasePrioritizerTest/workspace/test-reports/TEST-TestJunit2.xml</file>
      <name>TestJunit2</name>
      <stdout>Inside testSalutationMessage()
Hi!Robert
</stdout>
      <stderr></stderr>
      <duration>5.034</duration>
      <timestamp>2017-07-24T16:12:28</timestamp>
      <time>5.034</time>
      <cases>
        <case>
          <duration>0.007</duration>
          <className>TestJunit2</className>
          <testName>testSalutationMessage</testName>
          <skipped>false</skipped>
          <errorStackTrace>junit.framework.AssertionFailedError: expected:&lt;Hi[]Robert&gt; but was:&lt;Hi[!]Robert&gt;
	at TestJunit2.testSalutationMessage(TestJunit2.java:15)
	at net.sf.antcontrib.logic.ForTask.doSequentialIteration(ForTask.java:259)
	at net.sf.antcontrib.logic.ForTask.doToken(ForTask.java:268)
	at net.sf.antcontrib.logic.ForTask.doTheTasks(ForTask.java:299)
	at net.sf.antcontrib.logic.ForTask.execute(ForTask.java:244)
</errorStackTrace>
          <errorDetails>expected:&lt;Hi[]Robert&gt; but was:&lt;Hi[!]Robert&gt;</errorDetails>
          <failedSince>0</failedSince>
        </case>
      </cases>
    </suite>
    <suite>
      <file>/Users/taylorecton/Documents/Automated-test-selector/automatedTestSelector/work/jobs/TestCasePrioritizerTest/workspace/test-reports/TEST-TestMessageUtil.xml</file>
      <name>TestMessageUtil</name>
      <stdout>Inside testSalutationMessage()
Hi!Robert
Inside testPrintMessage()
Robert
</stdout>
      <stderr></stderr>
      <duration>5.016</duration>
      <timestamp>2017-07-24T16:12:39</timestamp>
      <time>5.016</time>
      <cases>
        <case>
          <duration>0.001</duration>
          <className>TestMessageUtil</className>
          <testName>testSalutationMessage</testName>
          <skipped>false</skipped>
          <failedSince>0</failedSince>
        </case>
        <case>
          <duration>0.0</duration>
          <className>TestMessageUtil</className>
          <testName>testPrintMessage</testName>
          <skipped>false</skipped>
          <failedSince>0</failedSince>
        </case>
      </cases>
    </suite>
  </suites>
  <duration>15.065999</duration>
  <keepLongStdio>false</keepLongStdio>
</result>