<?xml version='1.0' encoding='UTF-8'?>
<result plugin="junit@1.20">
  <suites>
    <suite>
      <file>/Users/taylorecton/Documents/Automated-test-selector/automatedTestSelector/work/jobs/TestCasePrioritizerTest/workspace/test-reports/TEST-TestJunit1.xml</file>
      <name>TestJunit1</name>
      <stdout>Inside testPrintMessage()
Robert
</stdout>
      <stderr></stderr>
      <duration>5.039</duration>
      <timestamp>2017-07-12T17:36:04</timestamp>
      <time>5.039</time>
      <cases>
        <case>
          <duration>0.001</duration>
          <className>TestJunit1</className>
          <testName>testPrintMessage</testName>
          <skipped>false</skipped>
          <failedSince>0</failedSince>
        </case>
      </cases>
    </suite>
    <suite>
      <file>/Users/taylorecton/Documents/Automated-test-selector/automatedTestSelector/work/jobs/TestCasePrioritizerTest/workspace/test-reports/TEST-TestJunit2.xml</file>
      <name>TestJunit2</name>
      <stdout>Inside testSalutationMessage()
Hi!Robert
</stdout>
      <stderr></stderr>
      <duration>5.012</duration>
      <timestamp>2017-07-12T17:36:09</timestamp>
      <time>5.012</time>
      <cases>
        <case>
          <duration>0.005</duration>
          <className>TestJunit2</className>
          <testName>testSalutationMessage</testName>
          <skipped>false</skipped>
          <errorStackTrace>junit.framework.AssertionFailedError: expected:&lt;Hi[]Robert&gt; but was:&lt;Hi[!]Robert&gt;
	at TestJunit2.testSalutationMessage(TestJunit2.java:14)
</errorStackTrace>
          <errorDetails>expected:&lt;Hi[]Robert&gt; but was:&lt;Hi[!]Robert&gt;</errorDetails>
          <failedSince>0</failedSince>
        </case>
      </cases>
    </suite>
    <suite>
      <file>/Users/taylorecton/Documents/Automated-test-selector/automatedTestSelector/work/jobs/TestCasePrioritizerTest/workspace/test-reports/TEST-TestMessageUtil.xml</file>
      <name>TestMessageUtil</name>
      <stdout>Inside testSalutationMessage()
Hi!Robert
Inside testPrintMessage()
Robert
</stdout>
      <stderr></stderr>
      <duration>5.005</duration>
      <timestamp>2017-07-12T17:36:14</timestamp>
      <time>5.005</time>
      <cases>
        <case>
          <duration>0.001</duration>
          <className>TestMessageUtil</className>
          <testName>testSalutationMessage</testName>
          <skipped>false</skipped>
          <failedSince>0</failedSince>
        </case>
        <case>
          <duration>0.0</duration>
          <className>TestMessageUtil</className>
          <testName>testPrintMessage</testName>
          <skipped>false</skipped>
          <failedSince>0</failedSince>
        </case>
      </cases>
    </suite>
  </suites>
  <duration>15.056001</duration>
  <keepLongStdio>false</keepLongStdio>
</result>