<?xml version='1.0' encoding='UTF-8'?>
<result plugin="junit@1.20">
  <suites>
    <suite>
      <file>/Users/taylorecton/Documents/Automated-test-selector/automatedTestSelector/work/jobs/TestCasePrioritizerTest/workspace/test-reports/TEST-TestJunit1.class.xml</file>
      <name>TestJunit1.class</name>
      <stdout></stdout>
      <stderr></stderr>
      <duration>0.0</duration>
      <timestamp>2017-07-24T15:58:33</timestamp>
      <time>0.0</time>
      <cases>
        <case>
          <duration>0.0</duration>
          <className>&lt;init&gt;</className>
          <testName>TestJunit1.class</testName>
          <skipped>false</skipped>
          <errorStackTrace>java.lang.ClassNotFoundException: TestJunit1.class
	at java.lang.ClassLoader.loadClass(ClassLoader.java:357)
	at java.lang.Class.forName0(Native Method)
	at java.lang.Class.forName(Class.java:348)
	at net.sf.antcontrib.logic.ForTask.doSequentialIteration(ForTask.java:259)
	at net.sf.antcontrib.logic.ForTask.doToken(ForTask.java:268)
	at net.sf.antcontrib.logic.ForTask.doTheTasks(ForTask.java:299)
	at net.sf.antcontrib.logic.ForTask.execute(ForTask.java:244)
</errorStackTrace>
          <errorDetails>TestJunit1.class</errorDetails>
          <stdout></stdout>
          <stderr></stderr>
          <failedSince>14</failedSince>
        </case>
      </cases>
    </suite>
    <suite>
      <file>/Users/taylorecton/Documents/Automated-test-selector/automatedTestSelector/work/jobs/TestCasePrioritizerTest/workspace/test-reports/TEST-TestJunit2.class.xml</file>
      <name>TestJunit2.class</name>
      <stdout></stdout>
      <stderr></stderr>
      <duration>0.0</duration>
      <timestamp>2017-07-24T15:58:28</timestamp>
      <time>0.0</time>
      <cases>
        <case>
          <duration>0.0</duration>
          <className>&lt;init&gt;</className>
          <testName>TestJunit2.class</testName>
          <skipped>false</skipped>
          <errorStackTrace>java.lang.ClassNotFoundException: TestJunit2.class
	at java.lang.ClassLoader.loadClass(ClassLoader.java:357)
	at java.lang.Class.forName0(Native Method)
	at java.lang.Class.forName(Class.java:348)
	at net.sf.antcontrib.logic.ForTask.doSequentialIteration(ForTask.java:259)
	at net.sf.antcontrib.logic.ForTask.doToken(ForTask.java:268)
	at net.sf.antcontrib.logic.ForTask.doTheTasks(ForTask.java:299)
	at net.sf.antcontrib.logic.ForTask.execute(ForTask.java:244)
</errorStackTrace>
          <errorDetails>TestJunit2.class</errorDetails>
          <stdout></stdout>
          <stderr></stderr>
          <failedSince>14</failedSince>
        </case>
      </cases>
    </suite>
    <suite>
      <file>/Users/taylorecton/Documents/Automated-test-selector/automatedTestSelector/work/jobs/TestCasePrioritizerTest/workspace/test-reports/TEST-TestMessageUtil.class.xml</file>
      <name>TestMessageUtil.class</name>
      <stdout></stdout>
      <stderr></stderr>
      <duration>0.0</duration>
      <timestamp>2017-07-24T15:58:38</timestamp>
      <time>0.0</time>
      <cases>
        <case>
          <duration>0.0</duration>
          <className>&lt;init&gt;</className>
          <testName>TestMessageUtil.class</testName>
          <skipped>false</skipped>
          <errorStackTrace>java.lang.ClassNotFoundException: TestMessageUtil.class
	at java.lang.ClassLoader.loadClass(ClassLoader.java:357)
	at java.lang.Class.forName0(Native Method)
	at java.lang.Class.forName(Class.java:348)
	at net.sf.antcontrib.logic.ForTask.doSequentialIteration(ForTask.java:259)
	at net.sf.antcontrib.logic.ForTask.doToken(ForTask.java:268)
	at net.sf.antcontrib.logic.ForTask.doTheTasks(ForTask.java:299)
	at net.sf.antcontrib.logic.ForTask.execute(ForTask.java:244)
</errorStackTrace>
          <errorDetails>TestMessageUtil.class</errorDetails>
          <stdout></stdout>
          <stderr></stderr>
          <failedSince>14</failedSince>
        </case>
      </cases>
    </suite>
  </suites>
  <duration>0.0</duration>
  <keepLongStdio>false</keepLongStdio>
</result>